<?xml version="1.0" encoding="UTF-8"?>
<testng-results skipped="0" failed="0" ignored="0" total="1" passed="1">
  <reporter-output>
  </reporter-output>
  <suite name="Default suite" duration-ms="80942" started-at="2018-03-18T15:23:34Z" finished-at="2018-03-18T15:24:55Z">
    <groups>
    </groups>
    <test name="Default test" duration-ms="80942" started-at="2018-03-18T15:23:34Z" finished-at="2018-03-18T15:24:55Z">
      <class name="com.ThankYouProject.testCases.homeCases.TC_018_Home_7">
        <test-method status="PASS" signature="setup()[pri:0, instance:com.ThankYouProject.testCases.homeCases.TC_018_Home_7@78b729e6]" name="setup" is-config="true" duration-ms="19175" started-at="2018-03-18T20:53:34Z" finished-at="2018-03-18T20:53:53Z">
          <reporter-output>
          </reporter-output>
        </test-method> <!-- setup -->
        <test-method status="PASS" signature="beforeMethod(java.lang.reflect.Method)[pri:0, instance:com.ThankYouProject.testCases.homeCases.TC_018_Home_7@78b729e6]" name="beforeMethod" is-config="true" duration-ms="35" started-at="2018-03-18T20:53:54Z" finished-at="2018-03-18T20:53:54Z">
          <params>
            <param index="0">
              <value>
                <![CDATA[public void com.ThankYouProject.testCases.homeCases.TC_018_Home_7.tC_018_ThanksPopupAndRemoveUsersFromThanksPopup() throws java.lang.Exception]]>
              </value>
            </param>
          </params>
          <reporter-output>
          </reporter-output>
        </test-method> <!-- beforeMethod -->
        <test-method status="PASS" signature="tC_018_ThanksPopupAndRemoveUsersFromThanksPopup()[pri:0, instance:com.ThankYouProject.testCases.homeCases.TC_018_Home_7@78b729e6]" name="tC_018_ThanksPopupAndRemoveUsersFromThanksPopup" duration-ms="61270" started-at="2018-03-18T20:53:54Z" finished-at="2018-03-18T20:54:55Z">
          <reporter-output>
          </reporter-output>
        </test-method> <!-- tC_018_ThanksPopupAndRemoveUsersFromThanksPopup -->
        <test-method status="PASS" signature="afterMethod(org.testng.ITestResult)[pri:0, instance:com.ThankYouProject.testCases.homeCases.TC_018_Home_7@78b729e6]" name="afterMethod" is-config="true" duration-ms="0" started-at="2018-03-18T20:54:55Z" finished-at="2018-03-18T20:54:55Z">
          <params>
            <param index="0">
              <value>
                <![CDATA[[TestResult name=tC_018_ThanksPopupAndRemoveUsersFromThanksPopup status=SUCCESS method=TC_018_Home_7.tC_018_ThanksPopupAndRemoveUsersFromThanksPopup()[pri:0, instance:com.ThankYouProject.testCases.homeCases.TC_018_Home_7@78b729e6] output={null}]]]>
              </value>
            </param>
          </params>
          <reporter-output>
          </reporter-output>
        </test-method> <!-- afterMethod -->
        <test-method status="PASS" signature="endTest()[pri:0, instance:com.ThankYouProject.testCases.homeCases.TC_018_Home_7@78b729e6]" name="endTest" is-config="true" duration-ms="427" started-at="2018-03-18T20:54:55Z" finished-at="2018-03-18T20:54:55Z">
          <reporter-output>
          </reporter-output>
        </test-method> <!-- endTest -->
      </class> <!-- com.ThankYouProject.testCases.homeCases.TC_018_Home_7 -->
    </test> <!-- Default test -->
  </suite> <!-- Default suite -->
</testng-results>
