<?xml version="1.0" encoding="UTF-8"?>
<!-- Generated by org.testng.reporters.JUnitXMLReporter -->
<testsuite hostname="vivek-PC" ignored="0" name="TC_004_Profile" tests="2" failures="1" timestamp="15 Mar 2018 17:51:34 GMT" time="28.608" errors="0">
  <testcase name="userSaveProfile" time="0.009" classname="com.ThankYouProject.testCases.profile.TC_004_Profile">
    <skipped/>
  </testcase> <!-- userSaveProfile -->
  <testcase name="userSaveProfile" time="0.002" classname="com.ThankYouProject.testCases.profile.TC_004_Profile">
    <failure type="java.lang.NullPointerException">
      <![CDATA[java.lang.NullPointerException
	at com.ThankYouProject.utility.CommonFunctions.getLocator(CommonFunctions.java:66)
	at com.ThankYouProject.utility.CommonFunctions.getWebElement(CommonFunctions.java:58)
	at com.ThankYouProject.utility.CommonFunctions.click(CommonFunctions.java:36)
	at com.ThankYouProject.pages.Profile.userNotAbleToSubmitProfileBeforeSavingName(Profile.java:99)
	at com.ThankYouProject.testCases.profile.TC_004_Profile.userSaveProfile(TC_004_Profile.java:23)
... Removed 25 stack frames]]>
    </failure>
  </testcase> <!-- userSaveProfile -->
</testsuite> <!-- TC_004_Profile -->
